
> client@0.1.0 start
> react-scripts start

(node:65125) [DEP_WEBPACK_DEV_SERVER_ON_AFTER_SETUP_MIDDLEWARE] DeprecationWarning: 'onAfterSetupMiddleware' option is deprecated. Please use the 'setupMiddlewares' option.
(Use `node --trace-deprecation ...` to show where the warning was created)
(node:65125) [DEP_WEBPACK_DEV_SERVER_ON_BEFORE_SETUP_MIDDLEWARE] DeprecationWarning: 'onBeforeSetupMiddleware' option is deprecated. Please use the 'setupMiddlewares' option.
Starting the development server...

Compiled successfully!

You can now view client in the browser.

  Local:            http://localhost:3000
  On Your Network:  http://192.168.1.110:3000

Note that the development build is not optimized.
To create a production build, use npm run build.

webpack compiled successfully
Files successfully emitted, waiting for typecheck results...
Issues checking in progress...
No issues found.
Compiling...
Compiled successfully!
webpack compiled successfully
No issues found.
Compiling...
Compiled successfully!
webpack compiled successfully
No issues found.
Compiling...
Compiled with warnings.

[eslint] 
src/pages/Login.tsx
  Line 2:16:  'useNavigate' is defined but never used   @typescript-eslint/no-unused-vars
  Line 4:10:  'API_BASE_URL' is defined but never used  @typescript-eslint/no-unused-vars

Search for the keywords to learn more about each warning.
To ignore, add // eslint-disable-next-line to the line before.

WARNING in [eslint] 
src/pages/Login.tsx
  Line 2:16:  'useNavigate' is defined but never used   @typescript-eslint/no-unused-vars
  Line 4:10:  'API_BASE_URL' is defined but never used  @typescript-eslint/no-unused-vars

webpack compiled with 1 warning
No issues found.
Compiling...
Compiled with warnings.

[eslint] 
src/pages/Login.tsx
  Line 4:10:   'API_BASE_URL' is defined but never used       @typescript-eslint/no-unused-vars
  Line 7:9:    'navigate' is assigned a value but never used  @typescript-eslint/no-unused-vars
  Line 14:10:  'error' is assigned a value but never used     @typescript-eslint/no-unused-vars
  Line 14:17:  'setError' is assigned a value but never used  @typescript-eslint/no-unused-vars

Search for the keywords to learn more about each warning.
To ignore, add // eslint-disable-next-line to the line before.

WARNING in [eslint] 
src/pages/Login.tsx
  Line 4:10:   'API_BASE_URL' is defined but never used       @typescript-eslint/no-unused-vars
  Line 7:9:    'navigate' is assigned a value but never used  @typescript-eslint/no-unused-vars
  Line 14:10:  'error' is assigned a value but never used     @typescript-eslint/no-unused-vars
  Line 14:17:  'setError' is assigned a value but never used  @typescript-eslint/no-unused-vars

webpack compiled with 1 warning
No issues found.
Compiling...
Compiled with warnings.

[eslint] 
src/pages/Login.tsx
  Line 14:10:  'error' is assigned a value but never used  @typescript-eslint/no-unused-vars

Search for the keywords to learn more about each warning.
To ignore, add // eslint-disable-next-line to the line before.

WARNING in [eslint] 
src/pages/Login.tsx
  Line 14:10:  'error' is assigned a value but never used  @typescript-eslint/no-unused-vars

webpack compiled with 1 warning
No issues found.
Compiling...
Compiled successfully!
webpack compiled successfully
No issues found.
Compiling...
Compiled successfully!
webpack compiled successfully
No issues found.
Compiling...
Compiled with warnings.

[eslint] 
src/App.tsx
  Line 1:27:  'useEffect' is defined but never used  @typescript-eslint/no-unused-vars
  Line 2:50:  'Navigate' is defined but never used   @typescript-eslint/no-unused-vars

Search for the keywords to learn more about each warning.
To ignore, add // eslint-disable-next-line to the line before.

WARNING in [eslint] 
src/App.tsx
  Line 1:27:  'useEffect' is defined but never used  @typescript-eslint/no-unused-vars
  Line 2:50:  'Navigate' is defined but never used   @typescript-eslint/no-unused-vars

webpack compiled with 1 warning
No issues found.
Compiling...
Compiled with warnings.

[eslint] 
src/App.tsx
  Line 2:50:   'Navigate' is defined but never used                  @typescript-eslint/no-unused-vars
  Line 15:10:  'isAuthenticated' is assigned a value but never used  @typescript-eslint/no-unused-vars
  Line 16:10:  'user' is assigned a value but never used             @typescript-eslint/no-unused-vars

Search for the keywords to learn more about each warning.
To ignore, add // eslint-disable-next-line to the line before.

WARNING in [eslint] 
src/App.tsx
  Line 2:50:   'Navigate' is defined but never used                  @typescript-eslint/no-unused-vars
  Line 15:10:  'isAuthenticated' is assigned a value but never used  @typescript-eslint/no-unused-vars
  Line 16:10:  'user' is assigned a value but never used             @typescript-eslint/no-unused-vars

webpack compiled with 1 warning
No issues found.
Compiling...
Compiled successfully!
webpack compiled successfully
No issues found.
Compiling...
Compiled successfully!
webpack compiled successfully
No issues found.
Compiling...
Compiled successfully!
webpack compiled successfully
No issues found.
Compiling...
Compiled successfully!
webpack compiled successfully
No issues found.
Compiling...
Compiled with warnings.

[eslint] 
src/pages/Login.tsx
  Line 7:9:  'navigate' is assigned a value but never used  @typescript-eslint/no-unused-vars

Search for the keywords to learn more about each warning.
To ignore, add // eslint-disable-next-line to the line before.

WARNING in [eslint] 
src/pages/Login.tsx
  Line 7:9:  'navigate' is assigned a value but never used  @typescript-eslint/no-unused-vars

webpack compiled with 1 warning
No issues found.
Compiling...
Compiled with warnings.

[eslint] 
src/pages/Login.tsx
  Line 7:9:  'navigate' is assigned a value but never used  @typescript-eslint/no-unused-vars

Search for the keywords to learn more about each warning.
To ignore, add // eslint-disable-next-line to the line before.

WARNING in [eslint] 
src/pages/Login.tsx
  Line 7:9:  'navigate' is assigned a value but never used  @typescript-eslint/no-unused-vars

webpack compiled with 1 warning
No issues found.
Compiling...
Compiled with warnings.

[eslint] 
src/pages/BookCab.tsx
  Line 9:3:  'PlusIcon' is defined but never used  @typescript-eslint/no-unused-vars

src/pages/Login.tsx
  Line 7:9:  'navigate' is assigned a value but never used  @typescript-eslint/no-unused-vars

Search for the keywords to learn more about each warning.
To ignore, add // eslint-disable-next-line to the line before.

WARNING in [eslint] 
src/pages/BookCab.tsx
  Line 9:3:  'PlusIcon' is defined but never used  @typescript-eslint/no-unused-vars

src/pages/Login.tsx
  Line 7:9:  'navigate' is assigned a value but never used  @typescript-eslint/no-unused-vars

webpack compiled with 1 warning
ERROR in src/pages/BookCab.tsx:77:39
TS2304: Cannot find name 'API_BASE_URL'.
    75 |       };
    76 |
  > 77 |       const response = await fetch(`${API_BASE_URL}/bookings`, {
       |                                       ^^^^^^^^^^^^
    78 |         method: 'POST',
    79 |         headers: {
    80 |           'Content-Type': 'application/json',

Compiling...
Compiled with warnings.

[eslint] 
src/pages/BookCab.tsx
  Line 9:3:  'PlusIcon' is defined but never used  @typescript-eslint/no-unused-vars

src/pages/Login.tsx
  Line 7:9:  'navigate' is assigned a value but never used  @typescript-eslint/no-unused-vars

Search for the keywords to learn more about each warning.
To ignore, add // eslint-disable-next-line to the line before.

WARNING in [eslint] 
src/pages/BookCab.tsx
  Line 9:3:  'PlusIcon' is defined but never used  @typescript-eslint/no-unused-vars

src/pages/Login.tsx
  Line 7:9:  'navigate' is assigned a value but never used  @typescript-eslint/no-unused-vars

webpack compiled with 1 warning
No issues found.
Compiling...
Compiled with warnings.

[eslint] 
src/pages/BookCab.tsx
  Line 9:3:  'PlusIcon' is defined but never used  @typescript-eslint/no-unused-vars

src/pages/Login.tsx
  Line 7:9:  'navigate' is assigned a value but never used  @typescript-eslint/no-unused-vars

src/pages/MyBookings.tsx
  Line 1:27:   'useEffect' is defined but never used                    @typescript-eslint/no-unused-vars
  Line 3:3:    'ClockIcon' is defined but never used                    @typescript-eslint/no-unused-vars
  Line 4:3:    'MapPinIcon' is defined but never used                   @typescript-eslint/no-unused-vars
  Line 6:3:    'XCircleIcon' is defined but never used                  @typescript-eslint/no-unused-vars
  Line 7:3:    'CheckCircleIcon' is defined but never used              @typescript-eslint/no-unused-vars
  Line 8:3:    'TruckIcon' is defined but never used                    @typescript-eslint/no-unused-vars
  Line 12:10:  'API_BASE_URL' is defined but never used                 @typescript-eslint/no-unused-vars
  Line 43:10:  'selectedBooking' is assigned a value but never used     @typescript-eslint/no-unused-vars
  Line 43:27:  'setSelectedBooking' is assigned a value but never used  @typescript-eslint/no-unused-vars

Search for the keywords to learn more about each warning.
To ignore, add // eslint-disable-next-line to the line before.

WARNING in [eslint] 
src/pages/BookCab.tsx
  Line 9:3:  'PlusIcon' is defined but never used  @typescript-eslint/no-unused-vars

src/pages/Login.tsx
  Line 7:9:  'navigate' is assigned a value but never used  @typescript-eslint/no-unused-vars

src/pages/MyBookings.tsx
  Line 1:27:   'useEffect' is defined but never used                    @typescript-eslint/no-unused-vars
  Line 3:3:    'ClockIcon' is defined but never used                    @typescript-eslint/no-unused-vars
  Line 4:3:    'MapPinIcon' is defined but never used                   @typescript-eslint/no-unused-vars
  Line 6:3:    'XCircleIcon' is defined but never used                  @typescript-eslint/no-unused-vars
  Line 7:3:    'CheckCircleIcon' is defined but never used              @typescript-eslint/no-unused-vars
  Line 8:3:    'TruckIcon' is defined but never used                    @typescript-eslint/no-unused-vars
  Line 12:10:  'API_BASE_URL' is defined but never used                 @typescript-eslint/no-unused-vars
  Line 43:10:  'selectedBooking' is assigned a value but never used     @typescript-eslint/no-unused-vars
  Line 43:27:  'setSelectedBooking' is assigned a value but never used  @typescript-eslint/no-unused-vars

webpack compiled with 1 warning
No issues found.
Compiling...
Compiled with warnings.

[eslint] 
src/pages/BookCab.tsx
  Line 9:3:  'PlusIcon' is defined but never used  @typescript-eslint/no-unused-vars

src/pages/Login.tsx
  Line 7:9:  'navigate' is assigned a value but never used  @typescript-eslint/no-unused-vars

src/pages/MyBookings.tsx
  Line 3:3:    'ClockIcon' is defined but never used                    @typescript-eslint/no-unused-vars
  Line 4:3:    'MapPinIcon' is defined but never used                   @typescript-eslint/no-unused-vars
  Line 6:3:    'XCircleIcon' is defined but never used                  @typescript-eslint/no-unused-vars
  Line 7:3:    'CheckCircleIcon' is defined but never used              @typescript-eslint/no-unused-vars
  Line 8:3:    'TruckIcon' is defined but never used                    @typescript-eslint/no-unused-vars
  Line 43:10:  'selectedBooking' is assigned a value but never used     @typescript-eslint/no-unused-vars
  Line 43:27:  'setSelectedBooking' is assigned a value but never used  @typescript-eslint/no-unused-vars
  Line 45:10:  'loading' is assigned a value but never used             @typescript-eslint/no-unused-vars
  Line 46:10:  'error' is assigned a value but never used               @typescript-eslint/no-unused-vars

Search for the keywords to learn more about each warning.
To ignore, add // eslint-disable-next-line to the line before.

WARNING in [eslint] 
src/pages/BookCab.tsx
  Line 9:3:  'PlusIcon' is defined but never used  @typescript-eslint/no-unused-vars

src/pages/Login.tsx
  Line 7:9:  'navigate' is assigned a value but never used  @typescript-eslint/no-unused-vars

src/pages/MyBookings.tsx
  Line 3:3:    'ClockIcon' is defined but never used                    @typescript-eslint/no-unused-vars
  Line 4:3:    'MapPinIcon' is defined but never used                   @typescript-eslint/no-unused-vars
  Line 6:3:    'XCircleIcon' is defined but never used                  @typescript-eslint/no-unused-vars
  Line 7:3:    'CheckCircleIcon' is defined but never used              @typescript-eslint/no-unused-vars
  Line 8:3:    'TruckIcon' is defined but never used                    @typescript-eslint/no-unused-vars
  Line 43:10:  'selectedBooking' is assigned a value but never used     @typescript-eslint/no-unused-vars
  Line 43:27:  'setSelectedBooking' is assigned a value but never used  @typescript-eslint/no-unused-vars
  Line 45:10:  'loading' is assigned a value but never used             @typescript-eslint/no-unused-vars
  Line 46:10:  'error' is assigned a value but never used               @typescript-eslint/no-unused-vars

webpack compiled with 1 warning
No issues found.
Compiling...
Compiled with warnings.

[eslint] 
src/pages/BookCab.tsx
  Line 9:3:  'PlusIcon' is defined but never used  @typescript-eslint/no-unused-vars

src/pages/Login.tsx
  Line 7:9:  'navigate' is assigned a value but never used  @typescript-eslint/no-unused-vars

src/pages/MyBookings.tsx
  Line 3:3:    'ClockIcon' is defined but never used                    @typescript-eslint/no-unused-vars
  Line 4:3:    'MapPinIcon' is defined but never used                   @typescript-eslint/no-unused-vars
  Line 6:3:    'XCircleIcon' is defined but never used                  @typescript-eslint/no-unused-vars
  Line 7:3:    'CheckCircleIcon' is defined but never used              @typescript-eslint/no-unused-vars
  Line 8:3:    'TruckIcon' is defined but never used                    @typescript-eslint/no-unused-vars
  Line 43:10:  'selectedBooking' is assigned a value but never used     @typescript-eslint/no-unused-vars
  Line 43:27:  'setSelectedBooking' is assigned a value but never used  @typescript-eslint/no-unused-vars

Search for the keywords to learn more about each warning.
To ignore, add // eslint-disable-next-line to the line before.

WARNING in [eslint] 
src/pages/BookCab.tsx
  Line 9:3:  'PlusIcon' is defined but never used  @typescript-eslint/no-unused-vars

src/pages/Login.tsx
  Line 7:9:  'navigate' is assigned a value but never used  @typescript-eslint/no-unused-vars

src/pages/MyBookings.tsx
  Line 3:3:    'ClockIcon' is defined but never used                    @typescript-eslint/no-unused-vars
  Line 4:3:    'MapPinIcon' is defined but never used                   @typescript-eslint/no-unused-vars
  Line 6:3:    'XCircleIcon' is defined but never used                  @typescript-eslint/no-unused-vars
  Line 7:3:    'CheckCircleIcon' is defined but never used              @typescript-eslint/no-unused-vars
  Line 8:3:    'TruckIcon' is defined but never used                    @typescript-eslint/no-unused-vars
  Line 43:10:  'selectedBooking' is assigned a value but never used     @typescript-eslint/no-unused-vars
  Line 43:27:  'setSelectedBooking' is assigned a value but never used  @typescript-eslint/no-unused-vars

webpack compiled with 1 warning
No issues found.
