2025-07-22T21:54:36: [dotenv@17.2.0] injecting env (5) from .env (tip: 🔐 prevent building .env in docker: https://dotenvx.com/prebuild)
2025-07-22T21:54:36: 🔗 Connecting to PostgreSQL...
2025-07-22T21:54:36: ✅ PostgreSQL connected successfully
2025-07-22T21:54:36: 🔄 Synchronizing database...
2025-07-22T21:54:36: ✅ Database synchronized
2025-07-22T21:54:36: 🚀 SmartRoute API running on http://localhost:8000
2025-07-22T21:54:36: 📊 Health check: http://localhost:8000/api/health
2025-07-22T21:54:36: 🗃️ Database: PostgreSQL
2025-07-22T21:54:36: 🌍 Environment: development
2025-07-22T21:54:36: 🔐 Demo credentials:
2025-07-22T21:54:36:    Employee: priya@techcorp.com / emp123
2025-07-22T21:54:36:    Driver: rajesh@smartroute.com / driver123
2025-07-22T21:54:36:    Admin: admin@techcorp.com / admin123
2025-07-22T21:56:30: Login attempt for: priya@techcorp.com
2025-07-22T21:56:31: Login successful for: priya@techcorp.com
2025-07-22T22:03:25: SIGINT received, shutting down gracefully
2025-07-22T22:03:28: [dotenv@17.2.0] injecting env (5) from .env (tip: ⚙️  write to custom object with { processEnv: myObject })
2025-07-22T22:03:28: 🔗 Connecting to PostgreSQL...
2025-07-22T22:03:28: 22:03:28 [[34mdebug[39m]: Executing (default): SELECT 1+1 AS result {"service":"smartroute-server","component":"database"}
2025-07-22T22:03:28: ✅ PostgreSQL connected successfully
2025-07-22T22:03:28: 🔄 Synchronizing database...
2025-07-22T22:03:28: 22:03:28 [[34mdebug[39m]: Executing (default): SELECT table_name FROM information_schema.tables WHERE table_schema = 'public' AND table_name = 'Users' {"service":"smartroute-server","component":"database"}
2025-07-22T22:03:28: 22:03:28 [[34mdebug[39m]: Executing (default): SELECT t.typname enum_name, array_agg(e.enumlabel ORDER BY enumsortorder) enum_value FROM pg_type t JOIN pg_enum e ON t.oid = e.enumtypid JOIN pg_catalog.pg_namespace n ON n.oid = t.typnamespace WHERE n.nspname = 'public' AND t.typname='enum_Users_role' GROUP BY 1 {"service":"smartroute-server","component":"database"}
2025-07-22T22:03:28: 22:03:28 [[34mdebug[39m]: Executing (default): SELECT i.relname AS name, ix.indisprimary AS primary, ix.indisunique AS unique, ix.indkey AS indkey, array_agg(a.attnum) as column_indexes, array_agg(a.attname) AS column_names, pg_get_indexdef(ix.indexrelid) AS definition FROM pg_class t, pg_class i, pg_index ix, pg_attribute a WHERE t.oid = ix.indrelid AND i.oid = ix.indexrelid AND a.attrelid = t.oid AND t.relkind = 'r' and t.relname = 'Users' GROUP BY i.relname, ix.indexrelid, ix.indisprimary, ix.indisunique, ix.indkey ORDER BY i.relname; {"service":"smartroute-server","component":"database"}
2025-07-22T22:03:28: 22:03:28 [[34mdebug[39m]: Executing (default): SELECT table_name FROM information_schema.tables WHERE table_schema = 'public' AND table_name = 'CabBookings' {"service":"smartroute-server","component":"database"}
2025-07-22T22:03:28: 22:03:28 [[34mdebug[39m]: Executing (default): SELECT t.typname enum_name, array_agg(e.enumlabel ORDER BY enumsortorder) enum_value FROM pg_type t JOIN pg_enum e ON t.oid = e.enumtypid JOIN pg_catalog.pg_namespace n ON n.oid = t.typnamespace WHERE n.nspname = 'public' AND t.typname='enum_CabBookings_tripType' GROUP BY 1 {"service":"smartroute-server","component":"database"}
2025-07-22T22:03:28: 22:03:28 [[34mdebug[39m]: Executing (default): SELECT t.typname enum_name, array_agg(e.enumlabel ORDER BY enumsortorder) enum_value FROM pg_type t JOIN pg_enum e ON t.oid = e.enumtypid JOIN pg_catalog.pg_namespace n ON n.oid = t.typnamespace WHERE n.nspname = 'public' AND t.typname='enum_CabBookings_status' GROUP BY 1 {"service":"smartroute-server","component":"database"}
2025-07-22T22:03:28: 22:03:28 [[34mdebug[39m]: Executing (default): SELECT i.relname AS name, ix.indisprimary AS primary, ix.indisunique AS unique, ix.indkey AS indkey, array_agg(a.attnum) as column_indexes, array_agg(a.attname) AS column_names, pg_get_indexdef(ix.indexrelid) AS definition FROM pg_class t, pg_class i, pg_index ix, pg_attribute a WHERE t.oid = ix.indrelid AND i.oid = ix.indexrelid AND a.attrelid = t.oid AND t.relkind = 'r' and t.relname = 'CabBookings' GROUP BY i.relname, ix.indexrelid, ix.indisprimary, ix.indisunique, ix.indkey ORDER BY i.relname; {"service":"smartroute-server","component":"database"}
2025-07-22T22:03:28: 22:03:28 [[34mdebug[39m]: Executing (default): SELECT table_name FROM information_schema.tables WHERE table_schema = 'public' AND table_name = 'Notifications' {"service":"smartroute-server","component":"database"}
2025-07-22T22:03:28: 22:03:28 [[34mdebug[39m]: Executing (default): SELECT t.typname enum_name, array_agg(e.enumlabel ORDER BY enumsortorder) enum_value FROM pg_type t JOIN pg_enum e ON t.oid = e.enumtypid JOIN pg_catalog.pg_namespace n ON n.oid = t.typnamespace WHERE n.nspname = 'public' AND t.typname='enum_Notifications_type' GROUP BY 1 {"service":"smartroute-server","component":"database"}
2025-07-22T22:03:28: 22:03:28 [[34mdebug[39m]: Executing (default): SELECT i.relname AS name, ix.indisprimary AS primary, ix.indisunique AS unique, ix.indkey AS indkey, array_agg(a.attnum) as column_indexes, array_agg(a.attname) AS column_names, pg_get_indexdef(ix.indexrelid) AS definition FROM pg_class t, pg_class i, pg_index ix, pg_attribute a WHERE t.oid = ix.indrelid AND i.oid = ix.indexrelid AND a.attrelid = t.oid AND t.relkind = 'r' and t.relname = 'Notifications' GROUP BY i.relname, ix.indexrelid, ix.indisprimary, ix.indisunique, ix.indkey ORDER BY i.relname; {"service":"smartroute-server","component":"database"}
2025-07-22T22:03:28: ✅ Database synchronized
2025-07-22T22:03:28: 22:03:28 [[34mdebug[39m]: Executing (default): SELECT "id", "email", "password", "name", "role", "department", "employeeId", "phone", "createdAt", "updatedAt" FROM "Users" AS "User" WHERE "User"."email" = 'priya@techcorp.com'; {"service":"smartroute-server","component":"database"}
2025-07-22T22:03:28: 22:03:28 [[34mdebug[39m]: Executing (default): SELECT "id", "email", "password", "name", "role", "department", "employeeId", "phone", "createdAt", "updatedAt" FROM "Users" AS "User" WHERE "User"."email" = 'rajesh@smartroute.com'; {"service":"smartroute-server","component":"database"}
2025-07-22T22:03:28: 22:03:28 [[34mdebug[39m]: Executing (default): SELECT "id", "email", "password", "name", "role", "department", "employeeId", "phone", "createdAt", "updatedAt" FROM "Users" AS "User" WHERE "User"."email" = 'admin@techcorp.com'; {"service":"smartroute-server","component":"database"}
2025-07-22T22:03:28: 22:03:28 [[32minfo[39m]: Server started successfully {"service":"smartroute-server","port":"8000","environment":"development","database":"PostgreSQL"}
2025-07-22T22:03:28: 🚀 SmartRoute API running on http://localhost:8000
2025-07-22T22:03:28: 📊 Health check: http://localhost:8000/api/health
2025-07-22T22:03:28: 🗃️ Database: PostgreSQL
2025-07-22T22:03:28: 🌍 Environment: development
2025-07-22T22:03:28: 🔐 Demo credentials:
2025-07-22T22:03:28:    Employee: priya@techcorp.com / emp123
2025-07-22T22:03:28:    Driver: rajesh@smartroute.com / driver123
2025-07-22T22:03:28:    Admin: admin@techcorp.com / admin123
2025-07-22T22:03:38: 22:03:38 [[32mhttp[39m]: uysmk3xli GET /api/health 200 113 - 1.071 ms {"service":"smartroute-server","component":"api"}
2025-07-22T22:04:05: 22:04:05 [[32minfo[39m]: Login attempt {"service":"smartroute-server","component":"auth","requestId":"61wb8fx3r","email":"priya@techcorp.com","ip":"127.0.0.1"}
2025-07-22T22:04:05: 22:04:05 [[34mdebug[39m]: Executing (default): SELECT "id", "email", "password", "name", "role", "department", "employeeId", "phone", "createdAt", "updatedAt" FROM "Users" AS "User" WHERE "User"."email" = 'priya@techcorp.com'; {"service":"smartroute-server","component":"database"}
2025-07-22T22:04:05: 22:04:05 [[32minfo[39m]: Login successful {"service":"smartroute-server","component":"auth","requestId":"61wb8fx3r","email":"priya@techcorp.com","userId":"24bcd40c-e8ac-4a95-b832-c1f88c2168ec","role":"employee","ip":"127.0.0.1"}
2025-07-22T22:04:05: 22:04:05 [[32mhttp[39m]: 61wb8fx3r POST /api/auth/login 200 393 - 298.953 ms {"service":"smartroute-server","component":"api"}
2025-07-22T22:04:05: 22:04:05 [[32minfo[39m]: Action: login_attempt {"service":"smartroute-server","component":"api","requestId":"61wb8fx3r","method":"POST","url":"/api/auth/login","statusCode":200,"ip":"127.0.0.1"}
2025-07-22T22:06:48: 22:06:48 [[32mhttp[39m]: m7mgo2ck7 OPTIONS /api/auth/login 204 0 - 0.955 ms {"service":"smartroute-server","component":"api"}
2025-07-22T22:06:48: 22:06:48 [[32minfo[39m]: Login attempt {"service":"smartroute-server","component":"auth","requestId":"hqemx26pp","email":"admin@techcorp.com","ip":"127.0.0.1"}
2025-07-22T22:06:48: 22:06:48 [[34mdebug[39m]: Executing (default): SELECT "id", "email", "password", "name", "role", "department", "employeeId", "phone", "createdAt", "updatedAt" FROM "Users" AS "User" WHERE "User"."email" = 'admin@techcorp.com'; {"service":"smartroute-server","component":"database"}
2025-07-22T22:06:48: 22:06:48 [[32minfo[39m]: Login successful {"service":"smartroute-server","component":"auth","requestId":"hqemx26pp","email":"admin@techcorp.com","userId":"91af8ccb-6c72-4a64-b3e6-1f4defad9fd2","role":"company_admin","ip":"127.0.0.1"}
2025-07-22T22:06:48: 22:06:48 [[32mhttp[39m]: hqemx26pp POST /api/auth/login 200 396 - 324.978 ms {"service":"smartroute-server","component":"api"}
2025-07-22T22:06:48: 22:06:48 [[32minfo[39m]: Action: login_attempt {"service":"smartroute-server","component":"api","requestId":"hqemx26pp","method":"POST","url":"/api/auth/login","statusCode":200,"ip":"127.0.0.1"}
2025-07-22T22:06:48: 22:06:48 [[32mhttp[39m]: rkc143bk9 OPTIONS /api/bookings 204 0 - 0.198 ms {"service":"smartroute-server","component":"api"}
2025-07-22T22:06:48: 22:06:48 [[34mdebug[39m]: Executing (default): SELECT "CabBooking"."id", "CabBooking"."bookingId", "CabBooking"."userId", "CabBooking"."tripType", "CabBooking"."date", "CabBooking"."time", "CabBooking"."pickupAddress", "CabBooking"."destinationAddress", "CabBooking"."status", "CabBooking"."driverName", "CabBooking"."driverPhone", "CabBooking"."cabNumber", "CabBooking"."cabModel", "CabBooking"."fare", "CabBooking"."driverId", "CabBooking"."driverResponse", "CabBooking"."driverResponseAt", "CabBooking"."assignedAt", "CabBooking"."createdAt", "CabBooking"."updatedAt", "User"."id" AS "User.id", "User"."name" AS "User.name", "User"."email" AS "User.email" FROM "CabBookings" AS "CabBooking" LEFT OUTER JOIN "Users" AS "User" ON "CabBooking"."userId" = "User"."id" ORDER BY "CabBooking"."createdAt" DESC; {"service":"smartroute-server","component":"database"}
2025-07-22T22:06:48: 22:06:48 [[32mhttp[39m]: oljj1028f OPTIONS /api/drivers 204 0 - 0.284 ms {"service":"smartroute-server","component":"api"}
2025-07-22T22:06:48: 22:06:48 [[32mhttp[39m]: siqpcr8kr OPTIONS /api/drivers 204 0 - 0.102 ms {"service":"smartroute-server","component":"api"}
2025-07-22T22:06:48: 22:06:48 [[32mhttp[39m]: ugc312du0 GET /api/bookings 304 - - 8.564 ms {"service":"smartroute-server","component":"api"}
2025-07-22T22:06:48: 22:06:48 [[32mhttp[39m]: igml46goz OPTIONS /api/bookings 204 0 - 0.119 ms {"service":"smartroute-server","component":"api"}
2025-07-22T22:06:48: 22:06:48 [[34mdebug[39m]: Executing (default): SELECT "CabBooking"."id", "CabBooking"."bookingId", "CabBooking"."userId", "CabBooking"."tripType", "CabBooking"."date", "CabBooking"."time", "CabBooking"."pickupAddress", "CabBooking"."destinationAddress", "CabBooking"."status", "CabBooking"."driverName", "CabBooking"."driverPhone", "CabBooking"."cabNumber", "CabBooking"."cabModel", "CabBooking"."fare", "CabBooking"."driverId", "CabBooking"."driverResponse", "CabBooking"."driverResponseAt", "CabBooking"."assignedAt", "CabBooking"."createdAt", "CabBooking"."updatedAt", "User"."id" AS "User.id", "User"."name" AS "User.name", "User"."email" AS "User.email" FROM "CabBookings" AS "CabBooking" LEFT OUTER JOIN "Users" AS "User" ON "CabBooking"."userId" = "User"."id" ORDER BY "CabBooking"."createdAt" DESC; {"service":"smartroute-server","component":"database"}
2025-07-22T22:06:48: 22:06:48 [[32mhttp[39m]: 9fcmjctr6 OPTIONS /api/drivers 204 0 - 0.044 ms {"service":"smartroute-server","component":"api"}
2025-07-22T22:06:48: 22:06:48 [[32mhttp[39m]: ma7ryy79f GET /api/bookings 304 - - 2.286 ms {"service":"smartroute-server","component":"api"}
2025-07-22T22:06:48: 22:06:48 [[32mhttp[39m]: 7nw3cnjm4 OPTIONS /api/drivers 204 0 - 0.044 ms {"service":"smartroute-server","component":"api"}
2025-07-22T22:06:48: 22:06:48 [[34mdebug[39m]: Executing (default): SELECT "CabBooking"."id", "CabBooking"."bookingId", "CabBooking"."userId", "CabBooking"."tripType", "CabBooking"."date", "CabBooking"."time", "CabBooking"."pickupAddress", "CabBooking"."destinationAddress", "CabBooking"."status", "CabBooking"."driverName", "CabBooking"."driverPhone", "CabBooking"."cabNumber", "CabBooking"."cabModel", "CabBooking"."fare", "CabBooking"."driverId", "CabBooking"."driverResponse", "CabBooking"."driverResponseAt", "CabBooking"."assignedAt", "CabBooking"."createdAt", "CabBooking"."updatedAt", "User"."id" AS "User.id", "User"."name" AS "User.name", "User"."email" AS "User.email" FROM "CabBookings" AS "CabBooking" LEFT OUTER JOIN "Users" AS "User" ON "CabBooking"."userId" = "User"."id" ORDER BY "CabBooking"."createdAt" DESC; {"service":"smartroute-server","component":"database"}
2025-07-22T22:06:48: 22:06:48 [[34mdebug[39m]: Executing (default): SELECT "id", "email", "name", "role", "department", "employeeId", "phone", "createdAt", "updatedAt" FROM "Users" AS "User" WHERE "User"."role" = 'driver'; {"service":"smartroute-server","component":"database"}
2025-07-22T22:06:48: 22:06:48 [[32mhttp[39m]: dv5gu49nf GET /api/bookings 304 - - 17.422 ms {"service":"smartroute-server","component":"api"}
2025-07-22T22:06:48: 22:06:48 [[34mdebug[39m]: Executing (default): SELECT "CabBooking"."id", "CabBooking"."bookingId", "CabBooking"."userId", "CabBooking"."tripType", "CabBooking"."date", "CabBooking"."time", "CabBooking"."pickupAddress", "CabBooking"."destinationAddress", "CabBooking"."status", "CabBooking"."driverName", "CabBooking"."driverPhone", "CabBooking"."cabNumber", "CabBooking"."cabModel", "CabBooking"."fare", "CabBooking"."driverId", "CabBooking"."driverResponse", "CabBooking"."driverResponseAt", "CabBooking"."assignedAt", "CabBooking"."createdAt", "CabBooking"."updatedAt", "User"."id" AS "User.id", "User"."name" AS "User.name", "User"."email" AS "User.email" FROM "CabBookings" AS "CabBooking" LEFT OUTER JOIN "Users" AS "User" ON "CabBooking"."userId" = "User"."id" ORDER BY "CabBooking"."createdAt" DESC; {"service":"smartroute-server","component":"database"}
2025-07-22T22:06:48: 22:06:48 [[32mhttp[39m]: oupgxcwev GET /api/drivers 304 - - 18.595 ms {"service":"smartroute-server","component":"api"}
2025-07-22T22:06:48: 22:06:48 [[34mdebug[39m]: Executing (default): SELECT "id", "email", "name", "role", "department", "employeeId", "phone", "createdAt", "updatedAt" FROM "Users" AS "User" WHERE "User"."role" = 'driver'; {"service":"smartroute-server","component":"database"}
2025-07-22T22:06:48: 22:06:48 [[32mhttp[39m]: e6xfpauhq GET /api/bookings 304 - - 4.051 ms {"service":"smartroute-server","component":"api"}
2025-07-22T22:06:48: 22:06:48 [[32mhttp[39m]: c1hbh3183 GET /api/drivers 304 - - 2.344 ms {"service":"smartroute-server","component":"api"}
2025-07-22T22:06:48: 22:06:48 [[34mdebug[39m]: Executing (default): SELECT "id", "email", "name", "role", "department", "employeeId", "phone", "createdAt", "updatedAt" FROM "Users" AS "User" WHERE "User"."role" = 'driver'; {"service":"smartroute-server","component":"database"}
2025-07-22T22:06:48: 22:06:48 [[32mhttp[39m]: digm3xedj GET /api/drivers 304 - - 0.906 ms {"service":"smartroute-server","component":"api"}
2025-07-22T22:06:48: 22:06:48 [[34mdebug[39m]: Executing (default): SELECT "id", "email", "name", "role", "department", "employeeId", "phone", "createdAt", "updatedAt" FROM "Users" AS "User" WHERE "User"."role" = 'driver'; {"service":"smartroute-server","component":"database"}
2025-07-22T22:06:48: 22:06:48 [[32mhttp[39m]: 2d1up7ckt GET /api/drivers 304 - - 3.075 ms {"service":"smartroute-server","component":"api"}
2025-07-22T22:21:47: SIGINT received, shutting down gracefully
2025-07-22T22:21:47: [dotenv@17.2.0] injecting env (5) from .env (tip: ⚙️  write to custom object with { processEnv: myObject })
2025-07-22T22:21:48: 🔗 Connecting to PostgreSQL...
2025-07-22T22:21:48: 22:21:48 [[34mdebug[39m]: Executing (default): SELECT 1+1 AS result {"service":"smartroute-server","component":"database"}
2025-07-22T22:21:48: ✅ PostgreSQL connected successfully
2025-07-22T22:21:48: 🔄 Synchronizing database...
2025-07-22T22:21:48: 22:21:48 [[34mdebug[39m]: Executing (default): SELECT table_name FROM information_schema.tables WHERE table_schema = 'public' AND table_name = 'Users' {"service":"smartroute-server","component":"database"}
2025-07-22T22:21:48: 22:21:48 [[34mdebug[39m]: Executing (default): SELECT t.typname enum_name, array_agg(e.enumlabel ORDER BY enumsortorder) enum_value FROM pg_type t JOIN pg_enum e ON t.oid = e.enumtypid JOIN pg_catalog.pg_namespace n ON n.oid = t.typnamespace WHERE n.nspname = 'public' AND t.typname='enum_Users_role' GROUP BY 1 {"service":"smartroute-server","component":"database"}
2025-07-22T22:21:48: 22:21:48 [[34mdebug[39m]: Executing (default): SELECT i.relname AS name, ix.indisprimary AS primary, ix.indisunique AS unique, ix.indkey AS indkey, array_agg(a.attnum) as column_indexes, array_agg(a.attname) AS column_names, pg_get_indexdef(ix.indexrelid) AS definition FROM pg_class t, pg_class i, pg_index ix, pg_attribute a WHERE t.oid = ix.indrelid AND i.oid = ix.indexrelid AND a.attrelid = t.oid AND t.relkind = 'r' and t.relname = 'Users' GROUP BY i.relname, ix.indexrelid, ix.indisprimary, ix.indisunique, ix.indkey ORDER BY i.relname; {"service":"smartroute-server","component":"database"}
2025-07-22T22:21:48: 22:21:48 [[34mdebug[39m]: Executing (default): SELECT table_name FROM information_schema.tables WHERE table_schema = 'public' AND table_name = 'CabBookings' {"service":"smartroute-server","component":"database"}
2025-07-22T22:21:48: 22:21:48 [[34mdebug[39m]: Executing (default): SELECT t.typname enum_name, array_agg(e.enumlabel ORDER BY enumsortorder) enum_value FROM pg_type t JOIN pg_enum e ON t.oid = e.enumtypid JOIN pg_catalog.pg_namespace n ON n.oid = t.typnamespace WHERE n.nspname = 'public' AND t.typname='enum_CabBookings_tripType' GROUP BY 1 {"service":"smartroute-server","component":"database"}
2025-07-22T22:21:48: 22:21:48 [[34mdebug[39m]: Executing (default): SELECT t.typname enum_name, array_agg(e.enumlabel ORDER BY enumsortorder) enum_value FROM pg_type t JOIN pg_enum e ON t.oid = e.enumtypid JOIN pg_catalog.pg_namespace n ON n.oid = t.typnamespace WHERE n.nspname = 'public' AND t.typname='enum_CabBookings_status' GROUP BY 1 {"service":"smartroute-server","component":"database"}
2025-07-22T22:21:48: 22:21:48 [[34mdebug[39m]: Executing (default): SELECT i.relname AS name, ix.indisprimary AS primary, ix.indisunique AS unique, ix.indkey AS indkey, array_agg(a.attnum) as column_indexes, array_agg(a.attname) AS column_names, pg_get_indexdef(ix.indexrelid) AS definition FROM pg_class t, pg_class i, pg_index ix, pg_attribute a WHERE t.oid = ix.indrelid AND i.oid = ix.indexrelid AND a.attrelid = t.oid AND t.relkind = 'r' and t.relname = 'CabBookings' GROUP BY i.relname, ix.indexrelid, ix.indisprimary, ix.indisunique, ix.indkey ORDER BY i.relname; {"service":"smartroute-server","component":"database"}
2025-07-22T22:21:48: 22:21:48 [[34mdebug[39m]: Executing (default): SELECT table_name FROM information_schema.tables WHERE table_schema = 'public' AND table_name = 'Notifications' {"service":"smartroute-server","component":"database"}
2025-07-22T22:21:48: 22:21:48 [[34mdebug[39m]: Executing (default): SELECT t.typname enum_name, array_agg(e.enumlabel ORDER BY enumsortorder) enum_value FROM pg_type t JOIN pg_enum e ON t.oid = e.enumtypid JOIN pg_catalog.pg_namespace n ON n.oid = t.typnamespace WHERE n.nspname = 'public' AND t.typname='enum_Notifications_type' GROUP BY 1 {"service":"smartroute-server","component":"database"}
2025-07-22T22:21:48: 22:21:48 [[34mdebug[39m]: Executing (default): SELECT i.relname AS name, ix.indisprimary AS primary, ix.indisunique AS unique, ix.indkey AS indkey, array_agg(a.attnum) as column_indexes, array_agg(a.attname) AS column_names, pg_get_indexdef(ix.indexrelid) AS definition FROM pg_class t, pg_class i, pg_index ix, pg_attribute a WHERE t.oid = ix.indrelid AND i.oid = ix.indexrelid AND a.attrelid = t.oid AND t.relkind = 'r' and t.relname = 'Notifications' GROUP BY i.relname, ix.indexrelid, ix.indisprimary, ix.indisunique, ix.indkey ORDER BY i.relname; {"service":"smartroute-server","component":"database"}
2025-07-22T22:21:48: ✅ Database synchronized
2025-07-22T22:21:48: 22:21:48 [[34mdebug[39m]: Executing (default): SELECT "id", "email", "password", "name", "role", "department", "employeeId", "phone", "createdAt", "updatedAt" FROM "Users" AS "User" WHERE "User"."email" = 'priya@techcorp.com'; {"service":"smartroute-server","component":"database"}
2025-07-22T22:21:48: 22:21:48 [[34mdebug[39m]: Executing (default): SELECT "id", "email", "password", "name", "role", "department", "employeeId", "phone", "createdAt", "updatedAt" FROM "Users" AS "User" WHERE "User"."email" = 'rajesh@smartroute.com'; {"service":"smartroute-server","component":"database"}
2025-07-22T22:21:48: 22:21:48 [[34mdebug[39m]: Executing (default): SELECT "id", "email", "password", "name", "role", "department", "employeeId", "phone", "createdAt", "updatedAt" FROM "Users" AS "User" WHERE "User"."email" = 'admin@techcorp.com'; {"service":"smartroute-server","component":"database"}
2025-07-22T22:21:48: 22:21:48 [[32minfo[39m]: Server started successfully {"service":"smartroute-server","port":"8000","environment":"development","database":"PostgreSQL"}
2025-07-22T22:21:48: 🚀 SmartRoute API running on http://localhost:8000
2025-07-22T22:21:48: 📊 Health check: http://localhost:8000/api/health
2025-07-22T22:21:48: 🗃️ Database: PostgreSQL
2025-07-22T22:21:48: 🌍 Environment: development
2025-07-22T22:21:48: 🔐 Demo credentials:
2025-07-22T22:21:48:    Employee: priya@techcorp.com / emp123
2025-07-22T22:21:48:    Driver: rajesh@smartroute.com / driver123
2025-07-22T22:21:48:    Admin: admin@techcorp.com / admin123
2025-07-22T22:23:06: 22:23:06 [[32mhttp[39m]: 83pyor327 OPTIONS /api/bookings 204 0 - 8.145 ms {"service":"smartroute-server","component":"api"}
2025-07-22T22:23:06: 22:23:06 [[32mhttp[39m]: 9wyikaa56 OPTIONS /api/bookings 204 0 - 0.149 ms {"service":"smartroute-server","component":"api"}
2025-07-22T22:23:06: 22:23:06 [[32mhttp[39m]: cqigwx85b OPTIONS /api/drivers 204 0 - 0.064 ms {"service":"smartroute-server","component":"api"}
2025-07-22T22:23:06: 22:23:06 [[32mhttp[39m]: 1hu5pulkq OPTIONS /api/drivers 204 0 - 0.040 ms {"service":"smartroute-server","component":"api"}
2025-07-22T22:23:06: 22:23:06 [[32mhttp[39m]: 658ik6h9f OPTIONS /api/bookings 204 0 - 0.038 ms {"service":"smartroute-server","component":"api"}
2025-07-22T22:23:06: 22:23:06 [[32mhttp[39m]: 0l2fldllb OPTIONS /api/drivers 204 0 - 0.036 ms {"service":"smartroute-server","component":"api"}
2025-07-22T22:23:06: 22:23:06 [[32mhttp[39m]: mzvm71v8z OPTIONS /api/bookings 204 0 - 0.115 ms {"service":"smartroute-server","component":"api"}
2025-07-22T22:23:06: 22:23:06 [[32mhttp[39m]: vq5lma1ut OPTIONS /api/drivers 204 0 - 0.058 ms {"service":"smartroute-server","component":"api"}
2025-07-22T22:23:06: 22:23:06 [[34mdebug[39m]: Executing (default): SELECT "CabBooking"."id", "CabBooking"."bookingId", "CabBooking"."userId", "CabBooking"."tripType", "CabBooking"."date", "CabBooking"."time", "CabBooking"."pickupAddress", "CabBooking"."destinationAddress", "CabBooking"."status", "CabBooking"."driverName", "CabBooking"."driverPhone", "CabBooking"."cabNumber", "CabBooking"."cabModel", "CabBooking"."fare", "CabBooking"."driverId", "CabBooking"."driverResponse", "CabBooking"."driverResponseAt", "CabBooking"."assignedAt", "CabBooking"."createdAt", "CabBooking"."updatedAt", "User"."id" AS "User.id", "User"."name" AS "User.name", "User"."email" AS "User.email" FROM "CabBookings" AS "CabBooking" LEFT OUTER JOIN "Users" AS "User" ON "CabBooking"."userId" = "User"."id" ORDER BY "CabBooking"."createdAt" DESC; {"service":"smartroute-server","component":"database"}
2025-07-22T22:23:06: 22:23:06 [[34mdebug[39m]: Executing (default): SELECT "id", "email", "name", "role", "department", "employeeId", "phone", "createdAt", "updatedAt" FROM "Users" AS "User" WHERE "User"."role" = 'driver'; {"service":"smartroute-server","component":"database"}
2025-07-22T22:23:06: 22:23:06 [[32mhttp[39m]: k36rv9vm0 GET /api/drivers 304 - - 11.243 ms {"service":"smartroute-server","component":"api"}
2025-07-22T22:23:06: 22:23:06 [[32mhttp[39m]: 0tbtv879l GET /api/bookings 304 - - 18.019 ms {"service":"smartroute-server","component":"api"}
2025-07-22T22:23:06: 22:23:06 [[34mdebug[39m]: Executing (default): SELECT "id", "email", "name", "role", "department", "employeeId", "phone", "createdAt", "updatedAt" FROM "Users" AS "User" WHERE "User"."role" = 'driver'; {"service":"smartroute-server","component":"database"}
2025-07-22T22:23:06: 22:23:06 [[34mdebug[39m]: Executing (default): SELECT "CabBooking"."id", "CabBooking"."bookingId", "CabBooking"."userId", "CabBooking"."tripType", "CabBooking"."date", "CabBooking"."time", "CabBooking"."pickupAddress", "CabBooking"."destinationAddress", "CabBooking"."status", "CabBooking"."driverName", "CabBooking"."driverPhone", "CabBooking"."cabNumber", "CabBooking"."cabModel", "CabBooking"."fare", "CabBooking"."driverId", "CabBooking"."driverResponse", "CabBooking"."driverResponseAt", "CabBooking"."assignedAt", "CabBooking"."createdAt", "CabBooking"."updatedAt", "User"."id" AS "User.id", "User"."name" AS "User.name", "User"."email" AS "User.email" FROM "CabBookings" AS "CabBooking" LEFT OUTER JOIN "Users" AS "User" ON "CabBooking"."userId" = "User"."id" ORDER BY "CabBooking"."createdAt" DESC; {"service":"smartroute-server","component":"database"}
2025-07-22T22:23:06: 22:23:06 [[32mhttp[39m]: 4ae1va3k3 GET /api/drivers 304 - - 2.973 ms {"service":"smartroute-server","component":"api"}
2025-07-22T22:23:06: 22:23:06 [[34mdebug[39m]: Executing (default): SELECT "id", "email", "name", "role", "department", "employeeId", "phone", "createdAt", "updatedAt" FROM "Users" AS "User" WHERE "User"."role" = 'driver'; {"service":"smartroute-server","component":"database"}
2025-07-22T22:23:06: 22:23:06 [[32mhttp[39m]: 3x2hzucap GET /api/bookings 304 - - 3.596 ms {"service":"smartroute-server","component":"api"}
2025-07-22T22:23:06: 22:23:06 [[32mhttp[39m]: 2m2395k9b GET /api/drivers 304 - - 2.157 ms {"service":"smartroute-server","component":"api"}
2025-07-22T22:23:06: 22:23:06 [[34mdebug[39m]: Executing (default): SELECT "CabBooking"."id", "CabBooking"."bookingId", "CabBooking"."userId", "CabBooking"."tripType", "CabBooking"."date", "CabBooking"."time", "CabBooking"."pickupAddress", "CabBooking"."destinationAddress", "CabBooking"."status", "CabBooking"."driverName", "CabBooking"."driverPhone", "CabBooking"."cabNumber", "CabBooking"."cabModel", "CabBooking"."fare", "CabBooking"."driverId", "CabBooking"."driverResponse", "CabBooking"."driverResponseAt", "CabBooking"."assignedAt", "CabBooking"."createdAt", "CabBooking"."updatedAt", "User"."id" AS "User.id", "User"."name" AS "User.name", "User"."email" AS "User.email" FROM "CabBookings" AS "CabBooking" LEFT OUTER JOIN "Users" AS "User" ON "CabBooking"."userId" = "User"."id" ORDER BY "CabBooking"."createdAt" DESC; {"service":"smartroute-server","component":"database"}
2025-07-22T22:23:06: 22:23:06 [[34mdebug[39m]: Executing (default): SELECT "id", "email", "name", "role", "department", "employeeId", "phone", "createdAt", "updatedAt" FROM "Users" AS "User" WHERE "User"."role" = 'driver'; {"service":"smartroute-server","component":"database"}
2025-07-22T22:23:06: 22:23:06 [[32mhttp[39m]: l86n7iqbq GET /api/bookings 304 - - 2.354 ms {"service":"smartroute-server","component":"api"}
2025-07-22T22:23:06: 22:23:06 [[32mhttp[39m]: kjj35n7yl GET /api/drivers 304 - - 2.310 ms {"service":"smartroute-server","component":"api"}
2025-07-22T22:23:06: 22:23:06 [[34mdebug[39m]: Executing (default): SELECT "CabBooking"."id", "CabBooking"."bookingId", "CabBooking"."userId", "CabBooking"."tripType", "CabBooking"."date", "CabBooking"."time", "CabBooking"."pickupAddress", "CabBooking"."destinationAddress", "CabBooking"."status", "CabBooking"."driverName", "CabBooking"."driverPhone", "CabBooking"."cabNumber", "CabBooking"."cabModel", "CabBooking"."fare", "CabBooking"."driverId", "CabBooking"."driverResponse", "CabBooking"."driverResponseAt", "CabBooking"."assignedAt", "CabBooking"."createdAt", "CabBooking"."updatedAt", "User"."id" AS "User.id", "User"."name" AS "User.name", "User"."email" AS "User.email" FROM "CabBookings" AS "CabBooking" LEFT OUTER JOIN "Users" AS "User" ON "CabBooking"."userId" = "User"."id" ORDER BY "CabBooking"."createdAt" DESC; {"service":"smartroute-server","component":"database"}
2025-07-22T22:23:06: 22:23:06 [[32mhttp[39m]: u6hwnpeqg GET /api/bookings 304 - - 2.081 ms {"service":"smartroute-server","component":"api"}
2025-07-22T22:23:07: 22:23:07 [[34mdebug[39m]: Executing (default): SELECT "CabBooking"."id", "CabBooking"."bookingId", "CabBooking"."userId", "CabBooking"."tripType", "CabBooking"."date", "CabBooking"."time", "CabBooking"."pickupAddress", "CabBooking"."destinationAddress", "CabBooking"."status", "CabBooking"."driverName", "CabBooking"."driverPhone", "CabBooking"."cabNumber", "CabBooking"."cabModel", "CabBooking"."fare", "CabBooking"."driverId", "CabBooking"."driverResponse", "CabBooking"."driverResponseAt", "CabBooking"."assignedAt", "CabBooking"."createdAt", "CabBooking"."updatedAt", "User"."id" AS "User.id", "User"."name" AS "User.name", "User"."email" AS "User.email" FROM "CabBookings" AS "CabBooking" LEFT OUTER JOIN "Users" AS "User" ON "CabBooking"."userId" = "User"."id" ORDER BY "CabBooking"."createdAt" DESC; {"service":"smartroute-server","component":"database"}
2025-07-22T22:23:07: 22:23:07 [[34mdebug[39m]: Executing (default): SELECT "id", "email", "name", "role", "department", "employeeId", "phone", "createdAt", "updatedAt" FROM "Users" AS "User" WHERE "User"."role" = 'driver'; {"service":"smartroute-server","component":"database"}
2025-07-22T22:23:07: 22:23:07 [[32mhttp[39m]: y3vxa6nan GET /api/bookings 304 - - 7.785 ms {"service":"smartroute-server","component":"api"}
2025-07-22T22:23:07: 22:23:07 [[34mdebug[39m]: Executing (default): SELECT "CabBooking"."id", "CabBooking"."bookingId", "CabBooking"."userId", "CabBooking"."tripType", "CabBooking"."date", "CabBooking"."time", "CabBooking"."pickupAddress", "CabBooking"."destinationAddress", "CabBooking"."status", "CabBooking"."driverName", "CabBooking"."driverPhone", "CabBooking"."cabNumber", "CabBooking"."cabModel", "CabBooking"."fare", "CabBooking"."driverId", "CabBooking"."driverResponse", "CabBooking"."driverResponseAt", "CabBooking"."assignedAt", "CabBooking"."createdAt", "CabBooking"."updatedAt", "User"."id" AS "User.id", "User"."name" AS "User.name", "User"."email" AS "User.email" FROM "CabBookings" AS "CabBooking" LEFT OUTER JOIN "Users" AS "User" ON "CabBooking"."userId" = "User"."id" ORDER BY "CabBooking"."createdAt" DESC; {"service":"smartroute-server","component":"database"}
2025-07-22T22:23:07: 22:23:07 [[32mhttp[39m]: krmtlq39l GET /api/drivers 304 - - 9.468 ms {"service":"smartroute-server","component":"api"}
2025-07-22T22:23:07: 22:23:07 [[32mhttp[39m]: etyf14ylg GET /api/bookings 304 - - 5.790 ms {"service":"smartroute-server","component":"api"}
2025-07-22T22:23:07: 22:23:07 [[34mdebug[39m]: Executing (default): SELECT "id", "email", "name", "role", "department", "employeeId", "phone", "createdAt", "updatedAt" FROM "Users" AS "User" WHERE "User"."role" = 'driver'; {"service":"smartroute-server","component":"database"}
2025-07-22T22:23:07: 22:23:07 [[34mdebug[39m]: Executing (default): SELECT "CabBooking"."id", "CabBooking"."bookingId", "CabBooking"."userId", "CabBooking"."tripType", "CabBooking"."date", "CabBooking"."time", "CabBooking"."pickupAddress", "CabBooking"."destinationAddress", "CabBooking"."status", "CabBooking"."driverName", "CabBooking"."driverPhone", "CabBooking"."cabNumber", "CabBooking"."cabModel", "CabBooking"."fare", "CabBooking"."driverId", "CabBooking"."driverResponse", "CabBooking"."driverResponseAt", "CabBooking"."assignedAt", "CabBooking"."createdAt", "CabBooking"."updatedAt", "User"."id" AS "User.id", "User"."name" AS "User.name", "User"."email" AS "User.email" FROM "CabBookings" AS "CabBooking" LEFT OUTER JOIN "Users" AS "User" ON "CabBooking"."userId" = "User"."id" ORDER BY "CabBooking"."createdAt" DESC; {"service":"smartroute-server","component":"database"}
2025-07-22T22:23:07: 22:23:07 [[32mhttp[39m]: xq6ye3u95 GET /api/drivers 304 - - 3.675 ms {"service":"smartroute-server","component":"api"}
2025-07-22T22:23:07: 22:23:07 [[32mhttp[39m]: rfbf4pnvp GET /api/bookings 304 - - 2.918 ms {"service":"smartroute-server","component":"api"}
2025-07-22T22:23:07: 22:23:07 [[34mdebug[39m]: Executing (default): SELECT "id", "email", "name", "role", "department", "employeeId", "phone", "createdAt", "updatedAt" FROM "Users" AS "User" WHERE "User"."role" = 'driver'; {"service":"smartroute-server","component":"database"}
2025-07-22T22:23:07: 22:23:07 [[34mdebug[39m]: Executing (default): SELECT "CabBooking"."id", "CabBooking"."bookingId", "CabBooking"."userId", "CabBooking"."tripType", "CabBooking"."date", "CabBooking"."time", "CabBooking"."pickupAddress", "CabBooking"."destinationAddress", "CabBooking"."status", "CabBooking"."driverName", "CabBooking"."driverPhone", "CabBooking"."cabNumber", "CabBooking"."cabModel", "CabBooking"."fare", "CabBooking"."driverId", "CabBooking"."driverResponse", "CabBooking"."driverResponseAt", "CabBooking"."assignedAt", "CabBooking"."createdAt", "CabBooking"."updatedAt", "User"."id" AS "User.id", "User"."name" AS "User.name", "User"."email" AS "User.email" FROM "CabBookings" AS "CabBooking" LEFT OUTER JOIN "Users" AS "User" ON "CabBooking"."userId" = "User"."id" ORDER BY "CabBooking"."createdAt" DESC; {"service":"smartroute-server","component":"database"}
2025-07-22T22:23:07: 22:23:07 [[32mhttp[39m]: vw5iddq5y GET /api/drivers 304 - - 1.727 ms {"service":"smartroute-server","component":"api"}
2025-07-22T22:23:07: 22:23:07 [[32mhttp[39m]: 96ijgfc0o GET /api/bookings 304 - - 1.912 ms {"service":"smartroute-server","component":"api"}
2025-07-22T22:23:07: 22:23:07 [[34mdebug[39m]: Executing (default): SELECT "id", "email", "name", "role", "department", "employeeId", "phone", "createdAt", "updatedAt" FROM "Users" AS "User" WHERE "User"."role" = 'driver'; {"service":"smartroute-server","component":"database"}
2025-07-22T22:23:07: 22:23:07 [[32mhttp[39m]: 7wuetm6td GET /api/drivers 304 - - 0.548 ms {"service":"smartroute-server","component":"api"}
2025-07-22T22:23:09: 22:23:09 [[34mdebug[39m]: Executing (default): SELECT "CabBooking"."id", "CabBooking"."bookingId", "CabBooking"."userId", "CabBooking"."tripType", "CabBooking"."date", "CabBooking"."time", "CabBooking"."pickupAddress", "CabBooking"."destinationAddress", "CabBooking"."status", "CabBooking"."driverName", "CabBooking"."driverPhone", "CabBooking"."cabNumber", "CabBooking"."cabModel", "CabBooking"."fare", "CabBooking"."driverId", "CabBooking"."driverResponse", "CabBooking"."driverResponseAt", "CabBooking"."assignedAt", "CabBooking"."createdAt", "CabBooking"."updatedAt", "User"."id" AS "User.id", "User"."name" AS "User.name", "User"."email" AS "User.email" FROM "CabBookings" AS "CabBooking" LEFT OUTER JOIN "Users" AS "User" ON "CabBooking"."userId" = "User"."id" ORDER BY "CabBooking"."createdAt" DESC; {"service":"smartroute-server","component":"database"}
2025-07-22T22:23:09: 22:23:09 [[34mdebug[39m]: Executing (default): SELECT "id", "email", "name", "role", "department", "employeeId", "phone", "createdAt", "updatedAt" FROM "Users" AS "User" WHERE "User"."role" = 'driver'; {"service":"smartroute-server","component":"database"}
2025-07-22T22:23:09: 22:23:09 [[32mhttp[39m]: 62olg5fhr GET /api/bookings 304 - - 15.883 ms {"service":"smartroute-server","component":"api"}
2025-07-22T22:23:09: 22:23:09 [[32mhttp[39m]: w10jpaxbh GET /api/drivers 304 - - 10.851 ms {"service":"smartroute-server","component":"api"}
2025-07-22T22:23:09: 22:23:09 [[34mdebug[39m]: Executing (default): SELECT "CabBooking"."id", "CabBooking"."bookingId", "CabBooking"."userId", "CabBooking"."tripType", "CabBooking"."date", "CabBooking"."time", "CabBooking"."pickupAddress", "CabBooking"."destinationAddress", "CabBooking"."status", "CabBooking"."driverName", "CabBooking"."driverPhone", "CabBooking"."cabNumber", "CabBooking"."cabModel", "CabBooking"."fare", "CabBooking"."driverId", "CabBooking"."driverResponse", "CabBooking"."driverResponseAt", "CabBooking"."assignedAt", "CabBooking"."createdAt", "CabBooking"."updatedAt", "User"."id" AS "User.id", "User"."name" AS "User.name", "User"."email" AS "User.email" FROM "CabBookings" AS "CabBooking" LEFT OUTER JOIN "Users" AS "User" ON "CabBooking"."userId" = "User"."id" ORDER BY "CabBooking"."createdAt" DESC; {"service":"smartroute-server","component":"database"}
2025-07-22T22:23:09: 22:23:09 [[34mdebug[39m]: Executing (default): SELECT "id", "email", "name", "role", "department", "employeeId", "phone", "createdAt", "updatedAt" FROM "Users" AS "User" WHERE "User"."role" = 'driver'; {"service":"smartroute-server","component":"database"}
2025-07-22T22:23:09: 22:23:09 [[32mhttp[39m]: obrm4btt1 GET /api/drivers 304 - - 3.955 ms {"service":"smartroute-server","component":"api"}
2025-07-22T22:23:09: 22:23:09 [[32mhttp[39m]: n54qs6wbq GET /api/bookings 304 - - 10.045 ms {"service":"smartroute-server","component":"api"}
2025-07-22T22:23:09: 22:23:09 [[34mdebug[39m]: Executing (default): SELECT "id", "email", "name", "role", "department", "employeeId", "phone", "createdAt", "updatedAt" FROM "Users" AS "User" WHERE "User"."role" = 'driver'; {"service":"smartroute-server","component":"database"}
2025-07-22T22:23:09: 22:23:09 [[34mdebug[39m]: Executing (default): SELECT "CabBooking"."id", "CabBooking"."bookingId", "CabBooking"."userId", "CabBooking"."tripType", "CabBooking"."date", "CabBooking"."time", "CabBooking"."pickupAddress", "CabBooking"."destinationAddress", "CabBooking"."status", "CabBooking"."driverName", "CabBooking"."driverPhone", "CabBooking"."cabNumber", "CabBooking"."cabModel", "CabBooking"."fare", "CabBooking"."driverId", "CabBooking"."driverResponse", "CabBooking"."driverResponseAt", "CabBooking"."assignedAt", "CabBooking"."createdAt", "CabBooking"."updatedAt", "User"."id" AS "User.id", "User"."name" AS "User.name", "User"."email" AS "User.email" FROM "CabBookings" AS "CabBooking" LEFT OUTER JOIN "Users" AS "User" ON "CabBooking"."userId" = "User"."id" ORDER BY "CabBooking"."createdAt" DESC; {"service":"smartroute-server","component":"database"}
2025-07-22T22:23:09: 22:23:09 [[32mhttp[39m]: rnnqtobmt GET /api/drivers 304 - - 4.145 ms {"service":"smartroute-server","component":"api"}
2025-07-22T22:23:09: 22:23:09 [[32mhttp[39m]: 28eideptd GET /api/bookings 304 - - 3.491 ms {"service":"smartroute-server","component":"api"}
2025-07-22T22:23:09: 22:23:09 [[34mdebug[39m]: Executing (default): SELECT "id", "email", "name", "role", "department", "employeeId", "phone", "createdAt", "updatedAt" FROM "Users" AS "User" WHERE "User"."role" = 'driver'; {"service":"smartroute-server","component":"database"}
2025-07-22T22:23:09: 22:23:09 [[32mhttp[39m]: ex8r5c7nv GET /api/drivers 304 - - 0.942 ms {"service":"smartroute-server","component":"api"}
2025-07-22T22:23:09: 22:23:09 [[34mdebug[39m]: Executing (default): SELECT "CabBooking"."id", "CabBooking"."bookingId", "CabBooking"."userId", "CabBooking"."tripType", "CabBooking"."date", "CabBooking"."time", "CabBooking"."pickupAddress", "CabBooking"."destinationAddress", "CabBooking"."status", "CabBooking"."driverName", "CabBooking"."driverPhone", "CabBooking"."cabNumber", "CabBooking"."cabModel", "CabBooking"."fare", "CabBooking"."driverId", "CabBooking"."driverResponse", "CabBooking"."driverResponseAt", "CabBooking"."assignedAt", "CabBooking"."createdAt", "CabBooking"."updatedAt", "User"."id" AS "User.id", "User"."name" AS "User.name", "User"."email" AS "User.email" FROM "CabBookings" AS "CabBooking" LEFT OUTER JOIN "Users" AS "User" ON "CabBooking"."userId" = "User"."id" ORDER BY "CabBooking"."createdAt" DESC; {"service":"smartroute-server","component":"database"}
2025-07-22T22:23:09: 22:23:09 [[32mhttp[39m]: jh8qq61sg GET /api/bookings 304 - - 1.618 ms {"service":"smartroute-server","component":"api"}
2025-07-22T22:24:31: 22:24:31 [[32mhttp[39m]: cgt69oqz1 OPTIONS /api/bookings 204 0 - 0.252 ms {"service":"smartroute-server","component":"api"}
2025-07-22T22:24:31: 22:24:31 [[32mhttp[39m]: 8xuw360yd OPTIONS /api/drivers 204 0 - 0.061 ms {"service":"smartroute-server","component":"api"}
2025-07-22T22:24:31: 22:24:31 [[32mhttp[39m]: 7clefjxhl OPTIONS /api/bookings 204 0 - 0.047 ms {"service":"smartroute-server","component":"api"}
2025-07-22T22:24:31: 22:24:31 [[32mhttp[39m]: 046yw6ry6 OPTIONS /api/drivers 204 0 - 0.103 ms {"service":"smartroute-server","component":"api"}
2025-07-22T22:24:31: 22:24:31 [[34mdebug[39m]: Executing (default): SELECT "CabBooking"."id", "CabBooking"."bookingId", "CabBooking"."userId", "CabBooking"."tripType", "CabBooking"."date", "CabBooking"."time", "CabBooking"."pickupAddress", "CabBooking"."destinationAddress", "CabBooking"."status", "CabBooking"."driverName", "CabBooking"."driverPhone", "CabBooking"."cabNumber", "CabBooking"."cabModel", "CabBooking"."fare", "CabBooking"."driverId", "CabBooking"."driverResponse", "CabBooking"."driverResponseAt", "CabBooking"."assignedAt", "CabBooking"."createdAt", "CabBooking"."updatedAt", "User"."id" AS "User.id", "User"."name" AS "User.name", "User"."email" AS "User.email" FROM "CabBookings" AS "CabBooking" LEFT OUTER JOIN "Users" AS "User" ON "CabBooking"."userId" = "User"."id" ORDER BY "CabBooking"."createdAt" DESC; {"service":"smartroute-server","component":"database"}
2025-07-22T22:24:31: 22:24:31 [[34mdebug[39m]: Executing (default): SELECT "id", "email", "name", "role", "department", "employeeId", "phone", "createdAt", "updatedAt" FROM "Users" AS "User" WHERE "User"."role" = 'driver'; {"service":"smartroute-server","component":"database"}
2025-07-22T22:24:31: 22:24:31 [[32mhttp[39m]: pv4844mcd GET /api/bookings 304 - - 12.699 ms {"service":"smartroute-server","component":"api"}
2025-07-22T22:24:31: 22:24:31 [[34mdebug[39m]: Executing (default): SELECT "CabBooking"."id", "CabBooking"."bookingId", "CabBooking"."userId", "CabBooking"."tripType", "CabBooking"."date", "CabBooking"."time", "CabBooking"."pickupAddress", "CabBooking"."destinationAddress", "CabBooking"."status", "CabBooking"."driverName", "CabBooking"."driverPhone", "CabBooking"."cabNumber", "CabBooking"."cabModel", "CabBooking"."fare", "CabBooking"."driverId", "CabBooking"."driverResponse", "CabBooking"."driverResponseAt", "CabBooking"."assignedAt", "CabBooking"."createdAt", "CabBooking"."updatedAt", "User"."id" AS "User.id", "User"."name" AS "User.name", "User"."email" AS "User.email" FROM "CabBookings" AS "CabBooking" LEFT OUTER JOIN "Users" AS "User" ON "CabBooking"."userId" = "User"."id" ORDER BY "CabBooking"."createdAt" DESC; {"service":"smartroute-server","component":"database"}
2025-07-22T22:24:31: 22:24:31 [[32mhttp[39m]: imkcyqies GET /api/drivers 304 - - 12.456 ms {"service":"smartroute-server","component":"api"}
2025-07-22T22:24:31: 22:24:31 [[34mdebug[39m]: Executing (default): SELECT "id", "email", "name", "role", "department", "employeeId", "phone", "createdAt", "updatedAt" FROM "Users" AS "User" WHERE "User"."role" = 'driver'; {"service":"smartroute-server","component":"database"}
2025-07-22T22:24:31: 22:24:31 [[32mhttp[39m]: 1a3afewbr GET /api/drivers 304 - - 0.663 ms {"service":"smartroute-server","component":"api"}
2025-07-22T22:24:31: 22:24:31 [[32mhttp[39m]: smkxdeer6 GET /api/bookings 304 - - 3.069 ms {"service":"smartroute-server","component":"api"}
2025-07-22T22:24:31: 22:24:31 [[34mdebug[39m]: Executing (default): SELECT "id", "email", "name", "role", "department", "employeeId", "phone", "createdAt", "updatedAt" FROM "Users" AS "User" WHERE "User"."role" = 'driver'; {"service":"smartroute-server","component":"database"}
2025-07-22T22:24:31: 22:24:31 [[34mdebug[39m]: Executing (default): SELECT "CabBooking"."id", "CabBooking"."bookingId", "CabBooking"."userId", "CabBooking"."tripType", "CabBooking"."date", "CabBooking"."time", "CabBooking"."pickupAddress", "CabBooking"."destinationAddress", "CabBooking"."status", "CabBooking"."driverName", "CabBooking"."driverPhone", "CabBooking"."cabNumber", "CabBooking"."cabModel", "CabBooking"."fare", "CabBooking"."driverId", "CabBooking"."driverResponse", "CabBooking"."driverResponseAt", "CabBooking"."assignedAt", "CabBooking"."createdAt", "CabBooking"."updatedAt", "User"."id" AS "User.id", "User"."name" AS "User.name", "User"."email" AS "User.email" FROM "CabBookings" AS "CabBooking" LEFT OUTER JOIN "Users" AS "User" ON "CabBooking"."userId" = "User"."id" ORDER BY "CabBooking"."createdAt" DESC; {"service":"smartroute-server","component":"database"}
2025-07-22T22:24:31: 22:24:31 [[32mhttp[39m]: 9rcq7govj GET /api/drivers 304 - - 1.270 ms {"service":"smartroute-server","component":"api"}
2025-07-22T22:24:31: 22:24:31 [[32mhttp[39m]: rjdmzgwcl GET /api/bookings 304 - - 1.470 ms {"service":"smartroute-server","component":"api"}
2025-07-22T22:24:31: 22:24:31 [[34mdebug[39m]: Executing (default): SELECT "id", "email", "name", "role", "department", "employeeId", "phone", "createdAt", "updatedAt" FROM "Users" AS "User" WHERE "User"."role" = 'driver'; {"service":"smartroute-server","component":"database"}
2025-07-22T22:24:31: 22:24:31 [[34mdebug[39m]: Executing (default): SELECT "CabBooking"."id", "CabBooking"."bookingId", "CabBooking"."userId", "CabBooking"."tripType", "CabBooking"."date", "CabBooking"."time", "CabBooking"."pickupAddress", "CabBooking"."destinationAddress", "CabBooking"."status", "CabBooking"."driverName", "CabBooking"."driverPhone", "CabBooking"."cabNumber", "CabBooking"."cabModel", "CabBooking"."fare", "CabBooking"."driverId", "CabBooking"."driverResponse", "CabBooking"."driverResponseAt", "CabBooking"."assignedAt", "CabBooking"."createdAt", "CabBooking"."updatedAt", "User"."id" AS "User.id", "User"."name" AS "User.name", "User"."email" AS "User.email" FROM "CabBookings" AS "CabBooking" LEFT OUTER JOIN "Users" AS "User" ON "CabBooking"."userId" = "User"."id" ORDER BY "CabBooking"."createdAt" DESC; {"service":"smartroute-server","component":"database"}
2025-07-22T22:24:31: 22:24:31 [[32mhttp[39m]: 8cyiqzbkn GET /api/drivers 304 - - 1.384 ms {"service":"smartroute-server","component":"api"}
2025-07-22T22:24:31: 22:24:31 [[32mhttp[39m]: ttmey5dnt GET /api/bookings 304 - - 1.884 ms {"service":"smartroute-server","component":"api"}
2025-07-22T22:24:40: 22:24:40 [[32mhttp[39m]: rn0kvzlq6 OPTIONS /api/bookings 204 0 - 0.125 ms {"service":"smartroute-server","component":"api"}
2025-07-22T22:24:40: 22:24:40 [[34mdebug[39m]: Executing (default): SELECT "CabBooking"."id", "CabBooking"."bookingId", "CabBooking"."userId", "CabBooking"."tripType", "CabBooking"."date", "CabBooking"."time", "CabBooking"."pickupAddress", "CabBooking"."destinationAddress", "CabBooking"."status", "CabBooking"."driverName", "CabBooking"."driverPhone", "CabBooking"."cabNumber", "CabBooking"."cabModel", "CabBooking"."fare", "CabBooking"."driverId", "CabBooking"."driverResponse", "CabBooking"."driverResponseAt", "CabBooking"."assignedAt", "CabBooking"."createdAt", "CabBooking"."updatedAt", "User"."id" AS "User.id", "User"."name" AS "User.name", "User"."email" AS "User.email" FROM "CabBookings" AS "CabBooking" LEFT OUTER JOIN "Users" AS "User" ON "CabBooking"."userId" = "User"."id" ORDER BY "CabBooking"."createdAt" DESC; {"service":"smartroute-server","component":"database"}
2025-07-22T22:24:40: 22:24:40 [[32mhttp[39m]: 7v2xrpdjw OPTIONS /api/drivers 204 0 - 0.128 ms {"service":"smartroute-server","component":"api"}
2025-07-22T22:24:40: 22:24:40 [[34mdebug[39m]: Executing (default): SELECT "id", "email", "name", "role", "department", "employeeId", "phone", "createdAt", "updatedAt" FROM "Users" AS "User" WHERE "User"."role" = 'driver'; {"service":"smartroute-server","component":"database"}
2025-07-22T22:24:40: 22:24:40 [[32mhttp[39m]: m99c2a6p1 OPTIONS /api/bookings 204 0 - 0.119 ms {"service":"smartroute-server","component":"api"}
2025-07-22T22:24:40: 22:24:40 [[32mhttp[39m]: 3dtxi0ted GET /api/bookings 304 - - 17.290 ms {"service":"smartroute-server","component":"api"}
2025-07-22T22:24:40: 22:24:40 [[32mhttp[39m]: tc57imq6v GET /api/drivers 304 - - 11.416 ms {"service":"smartroute-server","component":"api"}
2025-07-22T22:24:40: 22:24:40 [[34mdebug[39m]: Executing (default): SELECT "CabBooking"."id", "CabBooking"."bookingId", "CabBooking"."userId", "CabBooking"."tripType", "CabBooking"."date", "CabBooking"."time", "CabBooking"."pickupAddress", "CabBooking"."destinationAddress", "CabBooking"."status", "CabBooking"."driverName", "CabBooking"."driverPhone", "CabBooking"."cabNumber", "CabBooking"."cabModel", "CabBooking"."fare", "CabBooking"."driverId", "CabBooking"."driverResponse", "CabBooking"."driverResponseAt", "CabBooking"."assignedAt", "CabBooking"."createdAt", "CabBooking"."updatedAt", "User"."id" AS "User.id", "User"."name" AS "User.name", "User"."email" AS "User.email" FROM "CabBookings" AS "CabBooking" LEFT OUTER JOIN "Users" AS "User" ON "CabBooking"."userId" = "User"."id" ORDER BY "CabBooking"."createdAt" DESC; {"service":"smartroute-server","component":"database"}
2025-07-22T22:24:40: 22:24:40 [[32mhttp[39m]: 9gfddrh0l OPTIONS /api/drivers 204 0 - 0.040 ms {"service":"smartroute-server","component":"api"}
2025-07-22T22:24:40: 22:24:40 [[34mdebug[39m]: Executing (default): SELECT "id", "email", "name", "role", "department", "employeeId", "phone", "createdAt", "updatedAt" FROM "Users" AS "User" WHERE "User"."role" = 'driver'; {"service":"smartroute-server","component":"database"}
2025-07-22T22:24:40: 22:24:40 [[32mhttp[39m]: f1wfcnd5m GET /api/bookings 304 - - 4.287 ms {"service":"smartroute-server","component":"api"}
2025-07-22T22:24:40: 22:24:40 [[32mhttp[39m]: 8t72dnvwd GET /api/drivers 304 - - 1.357 ms {"service":"smartroute-server","component":"api"}
2025-07-22T22:24:40: 22:24:40 [[34mdebug[39m]: Executing (default): SELECT "CabBooking"."id", "CabBooking"."bookingId", "CabBooking"."userId", "CabBooking"."tripType", "CabBooking"."date", "CabBooking"."time", "CabBooking"."pickupAddress", "CabBooking"."destinationAddress", "CabBooking"."status", "CabBooking"."driverName", "CabBooking"."driverPhone", "CabBooking"."cabNumber", "CabBooking"."cabModel", "CabBooking"."fare", "CabBooking"."driverId", "CabBooking"."driverResponse", "CabBooking"."driverResponseAt", "CabBooking"."assignedAt", "CabBooking"."createdAt", "CabBooking"."updatedAt", "User"."id" AS "User.id", "User"."name" AS "User.name", "User"."email" AS "User.email" FROM "CabBookings" AS "CabBooking" LEFT OUTER JOIN "Users" AS "User" ON "CabBooking"."userId" = "User"."id" ORDER BY "CabBooking"."createdAt" DESC; {"service":"smartroute-server","component":"database"}
2025-07-22T22:24:40: 22:24:40 [[34mdebug[39m]: Executing (default): SELECT "id", "email", "name", "role", "department", "employeeId", "phone", "createdAt", "updatedAt" FROM "Users" AS "User" WHERE "User"."role" = 'driver'; {"service":"smartroute-server","component":"database"}
2025-07-22T22:24:40: 22:24:40 [[32mhttp[39m]: jh4xcprjy GET /api/bookings 304 - - 1.511 ms {"service":"smartroute-server","component":"api"}
2025-07-22T22:24:40: 22:24:40 [[32mhttp[39m]: w8el7o8fe GET /api/drivers 304 - - 0.987 ms {"service":"smartroute-server","component":"api"}
2025-07-22T22:24:40: 22:24:40 [[34mdebug[39m]: Executing (default): SELECT "CabBooking"."id", "CabBooking"."bookingId", "CabBooking"."userId", "CabBooking"."tripType", "CabBooking"."date", "CabBooking"."time", "CabBooking"."pickupAddress", "CabBooking"."destinationAddress", "CabBooking"."status", "CabBooking"."driverName", "CabBooking"."driverPhone", "CabBooking"."cabNumber", "CabBooking"."cabModel", "CabBooking"."fare", "CabBooking"."driverId", "CabBooking"."driverResponse", "CabBooking"."driverResponseAt", "CabBooking"."assignedAt", "CabBooking"."createdAt", "CabBooking"."updatedAt", "User"."id" AS "User.id", "User"."name" AS "User.name", "User"."email" AS "User.email" FROM "CabBookings" AS "CabBooking" LEFT OUTER JOIN "Users" AS "User" ON "CabBooking"."userId" = "User"."id" ORDER BY "CabBooking"."createdAt" DESC; {"service":"smartroute-server","component":"database"}
2025-07-22T22:24:40: 22:24:40 [[34mdebug[39m]: Executing (default): SELECT "id", "email", "name", "role", "department", "employeeId", "phone", "createdAt", "updatedAt" FROM "Users" AS "User" WHERE "User"."role" = 'driver'; {"service":"smartroute-server","component":"database"}
2025-07-22T22:24:40: 22:24:40 [[32mhttp[39m]: ysquzwe79 GET /api/bookings 304 - - 1.950 ms {"service":"smartroute-server","component":"api"}
2025-07-22T22:24:40: 22:24:40 [[32mhttp[39m]: 0gtaqqgly GET /api/drivers 304 - - 1.407 ms {"service":"smartroute-server","component":"api"}
2025-07-22T22:25:05: 22:25:05 [[32mhttp[39m]: l1r398aip OPTIONS /api/bookings 204 0 - 0.069 ms {"service":"smartroute-server","component":"api"}
2025-07-22T22:25:05: 22:25:05 [[32mhttp[39m]: wp7s4f17v OPTIONS /api/drivers 204 0 - 0.034 ms {"service":"smartroute-server","component":"api"}
2025-07-22T22:25:05: 22:25:05 [[32mhttp[39m]: xrmavn8h9 OPTIONS /api/bookings 204 0 - 0.033 ms {"service":"smartroute-server","component":"api"}
2025-07-22T22:25:05: 22:25:05 [[32mhttp[39m]: oj2vdh3or OPTIONS /api/drivers 204 0 - 0.028 ms {"service":"smartroute-server","component":"api"}
2025-07-22T22:25:05: 22:25:05 [[34mdebug[39m]: Executing (default): SELECT "CabBooking"."id", "CabBooking"."bookingId", "CabBooking"."userId", "CabBooking"."tripType", "CabBooking"."date", "CabBooking"."time", "CabBooking"."pickupAddress", "CabBooking"."destinationAddress", "CabBooking"."status", "CabBooking"."driverName", "CabBooking"."driverPhone", "CabBooking"."cabNumber", "CabBooking"."cabModel", "CabBooking"."fare", "CabBooking"."driverId", "CabBooking"."driverResponse", "CabBooking"."driverResponseAt", "CabBooking"."assignedAt", "CabBooking"."createdAt", "CabBooking"."updatedAt", "User"."id" AS "User.id", "User"."name" AS "User.name", "User"."email" AS "User.email" FROM "CabBookings" AS "CabBooking" LEFT OUTER JOIN "Users" AS "User" ON "CabBooking"."userId" = "User"."id" ORDER BY "CabBooking"."createdAt" DESC; {"service":"smartroute-server","component":"database"}
2025-07-22T22:25:05: 22:25:05 [[34mdebug[39m]: Executing (default): SELECT "id", "email", "name", "role", "department", "employeeId", "phone", "createdAt", "updatedAt" FROM "Users" AS "User" WHERE "User"."role" = 'driver'; {"service":"smartroute-server","component":"database"}
2025-07-22T22:25:05: 22:25:05 [[32mhttp[39m]: ipx9m9pzw GET /api/drivers 304 - - 10.361 ms {"service":"smartroute-server","component":"api"}
2025-07-22T22:25:05: 22:25:05 [[32mhttp[39m]: juorfn8w5 GET /api/bookings 304 - - 13.079 ms {"service":"smartroute-server","component":"api"}
2025-07-22T22:25:05: 22:25:05 [[34mdebug[39m]: Executing (default): SELECT "id", "email", "name", "role", "department", "employeeId", "phone", "createdAt", "updatedAt" FROM "Users" AS "User" WHERE "User"."role" = 'driver'; {"service":"smartroute-server","component":"database"}
2025-07-22T22:25:05: 22:25:05 [[34mdebug[39m]: Executing (default): SELECT "CabBooking"."id", "CabBooking"."bookingId", "CabBooking"."userId", "CabBooking"."tripType", "CabBooking"."date", "CabBooking"."time", "CabBooking"."pickupAddress", "CabBooking"."destinationAddress", "CabBooking"."status", "CabBooking"."driverName", "CabBooking"."driverPhone", "CabBooking"."cabNumber", "CabBooking"."cabModel", "CabBooking"."fare", "CabBooking"."driverId", "CabBooking"."driverResponse", "CabBooking"."driverResponseAt", "CabBooking"."assignedAt", "CabBooking"."createdAt", "CabBooking"."updatedAt", "User"."id" AS "User.id", "User"."name" AS "User.name", "User"."email" AS "User.email" FROM "CabBookings" AS "CabBooking" LEFT OUTER JOIN "Users" AS "User" ON "CabBooking"."userId" = "User"."id" ORDER BY "CabBooking"."createdAt" DESC; {"service":"smartroute-server","component":"database"}
2025-07-22T22:25:05: 22:25:05 [[32mhttp[39m]: 8gp6pe3p6 GET /api/drivers 304 - - 1.696 ms {"service":"smartroute-server","component":"api"}
2025-07-22T22:25:05: 22:25:05 [[32mhttp[39m]: u3j3eny3k GET /api/bookings 304 - - 3.787 ms {"service":"smartroute-server","component":"api"}
2025-07-22T22:36:15: 22:36:15 [[32mhttp[39m]: hwse12nrf OPTIONS /api/bookings 204 0 - 0.126 ms {"service":"smartroute-server","component":"api"}
2025-07-22T22:36:15: 22:36:15 [[32mhttp[39m]: i43u8thkc OPTIONS /api/drivers 204 0 - 0.094 ms {"service":"smartroute-server","component":"api"}
2025-07-22T22:36:15: 22:36:15 [[32mhttp[39m]: u9jauxyk4 OPTIONS /api/bookings 204 0 - 0.142 ms {"service":"smartroute-server","component":"api"}
2025-07-22T22:36:15: 22:36:15 [[32mhttp[39m]: 875fypg9z OPTIONS /api/drivers 204 0 - 0.136 ms {"service":"smartroute-server","component":"api"}
2025-07-22T22:36:15: 22:36:15 [[34mdebug[39m]: Executing (default): SELECT "CabBooking"."id", "CabBooking"."bookingId", "CabBooking"."userId", "CabBooking"."tripType", "CabBooking"."date", "CabBooking"."time", "CabBooking"."pickupAddress", "CabBooking"."destinationAddress", "CabBooking"."status", "CabBooking"."driverName", "CabBooking"."driverPhone", "CabBooking"."cabNumber", "CabBooking"."cabModel", "CabBooking"."fare", "CabBooking"."driverId", "CabBooking"."driverResponse", "CabBooking"."driverResponseAt", "CabBooking"."assignedAt", "CabBooking"."createdAt", "CabBooking"."updatedAt", "User"."id" AS "User.id", "User"."name" AS "User.name", "User"."email" AS "User.email" FROM "CabBookings" AS "CabBooking" LEFT OUTER JOIN "Users" AS "User" ON "CabBooking"."userId" = "User"."id" ORDER BY "CabBooking"."createdAt" DESC; {"service":"smartroute-server","component":"database"}
2025-07-22T22:36:15: 22:36:15 [[34mdebug[39m]: Executing (default): SELECT "id", "email", "name", "role", "department", "employeeId", "phone", "createdAt", "updatedAt" FROM "Users" AS "User" WHERE "User"."role" = 'driver'; {"service":"smartroute-server","component":"database"}
2025-07-22T22:36:15: 22:36:15 [[32mhttp[39m]: ocjqbwlyn GET /api/drivers 304 - - 14.197 ms {"service":"smartroute-server","component":"api"}
2025-07-22T22:36:15: 22:36:15 [[32mhttp[39m]: bhrr1acja GET /api/bookings 304 - - 21.239 ms {"service":"smartroute-server","component":"api"}
2025-07-22T22:36:15: 22:36:15 [[34mdebug[39m]: Executing (default): SELECT "id", "email", "name", "role", "department", "employeeId", "phone", "createdAt", "updatedAt" FROM "Users" AS "User" WHERE "User"."role" = 'driver'; {"service":"smartroute-server","component":"database"}
2025-07-22T22:36:15: 22:36:15 [[34mdebug[39m]: Executing (default): SELECT "CabBooking"."id", "CabBooking"."bookingId", "CabBooking"."userId", "CabBooking"."tripType", "CabBooking"."date", "CabBooking"."time", "CabBooking"."pickupAddress", "CabBooking"."destinationAddress", "CabBooking"."status", "CabBooking"."driverName", "CabBooking"."driverPhone", "CabBooking"."cabNumber", "CabBooking"."cabModel", "CabBooking"."fare", "CabBooking"."driverId", "CabBooking"."driverResponse", "CabBooking"."driverResponseAt", "CabBooking"."assignedAt", "CabBooking"."createdAt", "CabBooking"."updatedAt", "User"."id" AS "User.id", "User"."name" AS "User.name", "User"."email" AS "User.email" FROM "CabBookings" AS "CabBooking" LEFT OUTER JOIN "Users" AS "User" ON "CabBooking"."userId" = "User"."id" ORDER BY "CabBooking"."createdAt" DESC; {"service":"smartroute-server","component":"database"}
2025-07-22T22:36:15: 22:36:15 [[32mhttp[39m]: a0df7wwf7 GET /api/drivers 304 - - 6.901 ms {"service":"smartroute-server","component":"api"}
2025-07-22T22:36:15: 22:36:15 [[32mhttp[39m]: 0k5l32ps0 GET /api/bookings 304 - - 6.642 ms {"service":"smartroute-server","component":"api"}
